[debug] [2022-06-21T11:09:11.766Z] ----------------------------------------------------------------------
[debug] [2022-06-21T11:09:11.769Z] Command:       C:\Program Files\nodejs\node.exe C:\Users\Rahul Kumar\AppData\Roaming\npm\node_modules\firebase-tools\lib\bin\firebase.js emulators:start
[debug] [2022-06-21T11:09:11.769Z] CLI Version:   11.1.0
[debug] [2022-06-21T11:09:11.770Z] Platform:      win32
[debug] [2022-06-21T11:09:11.770Z] Node Version:  v16.15.0
[debug] [2022-06-21T11:09:11.773Z] Time:          Tue Jun 21 2022 16:39:11 GMT+0530 (India Standard Time)
[debug] [2022-06-21T11:09:11.773Z] ----------------------------------------------------------------------
[debug] 
[debug] [2022-06-21T11:09:11.882Z] > command requires scopes: ["email","openid","https://www.googleapis.com/auth/cloudplatformprojects.readonly","https://www.googleapis.com/auth/firebase","https://www.googleapis.com/auth/cloud-platform"]
[debug] [2022-06-21T11:09:11.883Z] > authorizing via signed-in user (2019317@iiitdmj.ac.in)
[info] i  emulators: Starting emulators: functions, hosting {"metadata":{"emulator":{"name":"hub"},"message":"Starting emulators: functions, hosting"}}
[warn] !  emulators: It seems that you are running multiple instances of the emulator suite for project clone-c3869. This may result in unexpected behavior. 
[debug] [2022-06-21T11:09:11.981Z] [hub] writing locator at C:\Users\RAHULK~1\AppData\Local\Temp\hub-clone-c3869.json
[warn] !  functions: The following emulators are not running, calls to these services from the Functions emulator will affect production: auth, firestore, database, pubsub, storage {"metadata":{"emulator":{"name":"functions"},"message":"The following emulators are not running, calls to these services from the Functions emulator will affect production: \u001b[1mauth, firestore, database, pubsub, storage\u001b[22m"}}
[info] +  functions: Using node@16 from host. {"metadata":{"emulator":{"name":"functions"},"message":"Using node@16 from host."}}
[debug] [2022-06-21T11:09:12.044Z] defaultcredentials: writing to file C:\Users\Rahul Kumar\AppData\Roaming\firebase\2019317_iiitdmj_ac.in_application_default_credentials.json
[debug] [2022-06-21T11:09:12.051Z] Setting GAC to C:\Users\Rahul Kumar\AppData\Roaming\firebase\2019317_iiitdmj_ac.in_application_default_credentials.json {"metadata":{"emulator":{"name":"functions"},"message":"Setting GAC to C:\\Users\\Rahul Kumar\\AppData\\Roaming\\firebase\\2019317_iiitdmj_ac.in_application_default_credentials.json"}}
[debug] [2022-06-21T11:09:12.055Z] > refreshing access token with scopes: []
[debug] [2022-06-21T11:09:12.059Z] >>> [apiv2][query] POST https://www.googleapis.com/oauth2/v3/token [none]
[debug] [2022-06-21T11:09:12.059Z] >>> [apiv2][body] POST https://www.googleapis.com/oauth2/v3/token [omitted]
[debug] [2022-06-21T11:09:12.380Z] <<< [apiv2][status] POST https://www.googleapis.com/oauth2/v3/token 200
[debug] [2022-06-21T11:09:12.380Z] <<< [apiv2][body] POST https://www.googleapis.com/oauth2/v3/token [omitted]
[debug] [2022-06-21T11:09:12.391Z] >>> [apiv2][query] GET https://firebase.googleapis.com/v1beta1/projects/clone-c3869/adminSdkConfig [none]
[debug] [2022-06-21T11:09:13.133Z] <<< [apiv2][status] GET https://firebase.googleapis.com/v1beta1/projects/clone-c3869/adminSdkConfig 200
[debug] [2022-06-21T11:09:13.133Z] <<< [apiv2][body] GET https://firebase.googleapis.com/v1beta1/projects/clone-c3869/adminSdkConfig {"projectId":"clone-c3869","storageBucket":"clone-c3869.appspot.com","locationId":"us-central"}
[debug] [2022-06-21T11:09:13.160Z] >>> [apiv2][query] GET https://firebasehosting.googleapis.com/v1beta1/projects/clone-c3869/sites 
[debug] [2022-06-21T11:09:15.190Z] <<< [apiv2][status] GET https://firebasehosting.googleapis.com/v1beta1/projects/clone-c3869/sites 200
[debug] [2022-06-21T11:09:15.191Z] <<< [apiv2][body] GET https://firebasehosting.googleapis.com/v1beta1/projects/clone-c3869/sites {"sites":[{"name":"projects/clone-c3869/sites/clone-c3869","defaultUrl":"https://clone-c3869.web.app","appId":"1:940479786967:web:efa81c3de1598f80212592","type":"DEFAULT_SITE"}]}
[debug] [2022-06-21T11:09:15.191Z] >>> [apiv2][query] GET https://firebase.googleapis.com/v1beta1/projects/clone-c3869/webApps/1:940479786967:web:efa81c3de1598f80212592/config [none]
[debug] [2022-06-21T11:09:16.833Z] <<< [apiv2][status] GET https://firebase.googleapis.com/v1beta1/projects/clone-c3869/webApps/1:940479786967:web:efa81c3de1598f80212592/config 200
[debug] [2022-06-21T11:09:16.833Z] <<< [apiv2][body] GET https://firebase.googleapis.com/v1beta1/projects/clone-c3869/webApps/1:940479786967:web:efa81c3de1598f80212592/config {"projectId":"clone-c3869","appId":"1:940479786967:web:efa81c3de1598f80212592","storageBucket":"clone-c3869.appspot.com","locationId":"us-central","apiKey":"AIzaSyBy2d323AMRAJKzuBgnHbiSJ_ESpMnfkTk","authDomain":"clone-c3869.firebaseapp.com","messagingSenderId":"940479786967","measurementId":"G-3N9J3BL2E1"}
[info] i  hosting: Serving hosting files from: build {"metadata":{"emulator":{"name":"hosting"},"message":"Serving hosting files from: \u001b[1mbuild\u001b[22m"}}
[info] +  hosting: Local server: http://localhost:5000 {"metadata":{"emulator":{"name":"hosting"},"message":"Local server: \u001b[4m\u001b[1mhttp://localhost:5000\u001b[22m\u001b[24m"}}
[warn] !  ui: Emulator UI unable to start on port 4000, starting on 4002 instead. {"metadata":{"emulator":{"name":"ui"},"message":"Emulator UI unable to start on port 4000, starting on 4002 instead."}}
[debug] [2022-06-21T11:09:16.979Z] Ignoring unsupported arg: auto_download {"metadata":{"emulator":{"name":"ui"},"message":"Ignoring unsupported arg: auto_download"}}
[debug] [2022-06-21T11:09:16.979Z] Ignoring unsupported arg: port {"metadata":{"emulator":{"name":"ui"},"message":"Ignoring unsupported arg: port"}}
[debug] [2022-06-21T11:09:16.980Z] Starting Emulator UI with command {"binary":"node","args":["--dns-result-order=ipv4first","C:\\Users\\Rahul Kumar\\.cache\\firebase\\emulators\\ui-v1.7.0\\server.bundle.js"],"optionalArgs":[],"joinArgs":false} {"metadata":{"emulator":{"name":"ui"},"message":"Starting Emulator UI with command {\"binary\":\"node\",\"args\":[\"--dns-result-order=ipv4first\",\"C:\\\\Users\\\\Rahul Kumar\\\\.cache\\\\firebase\\\\emulators\\\\ui-v1.7.0\\\\server.bundle.js\"],\"optionalArgs\":[],\"joinArgs\":false}"}}
[info] i  ui: Emulator UI logging to ui-debug.log {"metadata":{"emulator":{"name":"ui"},"message":"Emulator UI logging to \u001b[1mui-debug.log\u001b[22m"}}
[debug] [2022-06-21T11:09:17.201Z] Web / API server started at localhost:4002
 {"metadata":{"emulator":{"name":"ui"},"message":"Web / API server started at localhost:4002\n"}}
[info] i  functions: Watching "C:\Users\Rahul Kumar\OneDrive\Desktop\Amazon clone\amazon-clone\functions" for Cloud Functions... {"metadata":{"emulator":{"name":"functions"},"message":"Watching \"C:\\Users\\Rahul Kumar\\OneDrive\\Desktop\\Amazon clone\\amazon-clone\\functions\" for Cloud Functions..."}}
[debug] [2022-06-21T11:09:17.262Z] Validating nodejs source
[debug] [2022-06-21T11:09:21.906Z] > [functions] package.json contents: {
  "name": "functions",
  "description": "Cloud Functions for Firebase",
  "scripts": {
    "lint": "eslint .",
    "serve": "firebase emulators:start --only functions",
    "shell": "firebase functions:shell",
    "start": "npm run shell",
    "deploy": "firebase deploy --only functions",
    "logs": "firebase functions:log"
  },
  "engines": {
    "node": "16"
  },
  "main": "index.js",
  "dependencies": {
    "express": "^4.18.1",
    "firebase-admin": "^10.0.2",
    "firebase-functions": "^3.18.0",
    "moment": "^2.29.3",
    "stripe": "^9.9.0"
  },
  "devDependencies": {
    "eslint": "^8.9.0",
    "eslint-config-google": "^0.14.0",
    "firebase-functions-test": "^0.2.0"
  },
  "private": true
}
[debug] [2022-06-21T11:09:21.906Z] Building nodejs source
[debug] [2022-06-21T11:09:21.906Z] Analyzing nodejs backend spec
[debug] [2022-06-21T11:09:21.908Z] Could not find functions.yaml. Must use http discovery
[debug] [2022-06-21T11:09:22.483Z] Serving at port 9005

[debug] [2022-06-21T11:09:22.828Z] Got response from /__/functions.yaml {"endpoints":{"api":{"platform":"gcfv1","httpsTrigger":{},"entryPoint":"api"}},"specVersion":"v1alpha1","requiredAPIs":[]}
[debug] [2022-06-21T11:09:22.842Z] shutdown requested via /__/quitquitquit

[info] +  functions[us-central1-api]: http function initialized (http://localhost:5001/clone-c3869/us-central1/api). {"metadata":{"emulator":{"name":"functions"},"message":"\u001b[1mhttp\u001b[22m function initialized (http://localhost:5001/clone-c3869/us-central1/api)."}}
[info] 
┌─────────────────────────────────────────────────────────────┐
│ ✔  All emulators ready! It is now safe to connect your app. │
│ i  View Emulator UI at http://localhost:4002                │
└─────────────────────────────────────────────────────────────┘

┌───────────┬────────────────┬─────────────────────────────────┐
│ Emulator  │ Host:Port      │ View in Emulator UI             │
├───────────┼────────────────┼─────────────────────────────────┤
│ Functions │ localhost:5001 │ http://localhost:4002/functions │
├───────────┼────────────────┼─────────────────────────────────┤
│ Hosting   │ localhost:5000 │ n/a                             │
└───────────┴────────────────┴─────────────────────────────────┘
  Emulator Hub running at localhost:4400
  Other reserved ports: 4500

Issues? Report them at https://github.com/firebase/firebase-tools/issues and attach the *-debug.log files.
 
[debug] [2022-06-21T11:09:46.746Z] [work-queue] {"queueLength":1,"workRunningCount":0}
[debug] [2022-06-21T11:09:46.747Z] [work-queue] {"queueLength":0,"workRunningCount":1}
[debug] [2022-06-21T11:09:46.756Z] [work-queue] {"queueLength":0,"workRunningCount":0}
